app/build/intermediates/manifest_merge_blame_file/debug/manifest-merger-blame-debug-report.txt
1<?xml version="1.0" encoding="utf-8"?>
2<manifest xmlns:android="http://schemas.android.com/apk/res/android"
3    package="kz.example.android.fasthub"
4    android:versionCode="1"
5    android:versionName="1.0" >
6
7    <uses-sdk
8        android:minSdkVersion="19"
8-->src\main\AndroidManifest.xml
9        android:targetSdkVersion="29" />
9-->src\main\AndroidManifest.xml
10
11    <uses-permission android:name="android.permission.ACCESS_NETWORK_STATE" />
11-->src\main\AndroidManifest.xml:5:5-79
11-->src\main\AndroidManifest.xml:5:22-76
12    <uses-permission android:name="android.permission.INTERNET" />
12-->src\main\AndroidManifest.xml:6:5-67
12-->src\main\AndroidManifest.xml:6:22-64
13    <uses-permission android:name="android.permission.REORDER_TASKS" />
13-->[androidx.fragment:fragment-testing:1.2.3] AndroidManifest.xml:25:5-72
13-->[androidx.fragment:fragment-testing:1.2.3] AndroidManifest.xml:25:22-69
14
15    <application
15-->src\main\AndroidManifest.xml:8:5-28:19
16        android:name="kz.example.android.fasthub.App"
16-->src\main\AndroidManifest.xml:9:9-28
17        android:allowBackup="true"
17-->src\main\AndroidManifest.xml:10:9-35
18        android:appComponentFactory="androidx.core.app.CoreComponentFactory"
18-->[androidx.core:core:1.3.0-alpha02] AndroidManifest.xml:24:18-86
19        android:debuggable="true"
20        android:icon="@mipmap/ic_launcher"
20-->src\main\AndroidManifest.xml:11:9-43
21        android:label="@string/app_name"
21-->src\main\AndroidManifest.xml:12:9-41
22        android:roundIcon="@mipmap/ic_launcher_round"
22-->src\main\AndroidManifest.xml:13:9-54
23        android:supportsRtl="true"
23-->src\main\AndroidManifest.xml:14:9-35
24        android:testOnly="true"
25        android:theme="@style/AppTheme" >
25-->src\main\AndroidManifest.xml:15:9-40
26        <activity
26-->src\main\AndroidManifest.xml:16:9-19:68
27            android:name="kz.example.android.fasthub.ui.MainScreen.MainScreenActivity"
27-->src\main\AndroidManifest.xml:17:13-61
28            android:label="@string/title_activity_main_screen"
28-->src\main\AndroidManifest.xml:18:13-63
29            android:theme="@style/AppTheme.NoActionBar" />
29-->src\main\AndroidManifest.xml:19:13-56
30        <activity android:name="kz.example.android.fasthub.ui.signIn.SignInActivity" />
30-->src\main\AndroidManifest.xml:20:9-62
30-->src\main\AndroidManifest.xml:20:19-59
31        <activity android:name="kz.example.android.fasthub.ui.MainActivity" >
31-->src\main\AndroidManifest.xml:21:9-27:20
31-->src\main\AndroidManifest.xml:21:19-50
32            <intent-filter>
32-->src\main\AndroidManifest.xml:22:13-26:29
33                <action android:name="android.intent.action.MAIN" />
33-->src\main\AndroidManifest.xml:23:17-69
33-->src\main\AndroidManifest.xml:23:25-66
34
35                <category android:name="android.intent.category.LAUNCHER" />
35-->src\main\AndroidManifest.xml:25:17-77
35-->src\main\AndroidManifest.xml:25:27-74
36            </intent-filter>
37        </activity>
38        <activity
38-->[androidx.fragment:fragment-testing:1.2.3] AndroidManifest.xml:28:9-37:20
39            android:name="androidx.fragment.app.testing.FragmentScenario$EmptyFragmentActivity"
39-->[androidx.fragment:fragment-testing:1.2.3] AndroidManifest.xml:29:13-96
40            android:exported="true"
40-->[androidx.fragment:fragment-testing:1.2.3] AndroidManifest.xml:30:13-36
41            android:multiprocess="true"
41-->[androidx.fragment:fragment-testing:1.2.3] AndroidManifest.xml:31:13-40
42            android:taskAffinity=""
42-->[androidx.fragment:fragment-testing:1.2.3] AndroidManifest.xml:32:13-36
43            android:theme="@style/FragmentScenarioEmptyFragmentActivityTheme" >
43-->[androidx.fragment:fragment-testing:1.2.3] AndroidManifest.xml:33:13-78
44            <intent-filter>
44-->[androidx.fragment:fragment-testing:1.2.3] AndroidManifest.xml:34:13-36:29
45                <action android:name="android.intent.action.MAIN" />
45-->src\main\AndroidManifest.xml:23:17-69
45-->src\main\AndroidManifest.xml:23:25-66
46            </intent-filter>
47        </activity>
48        <activity
48-->[androidx.test:core:1.2.0] AndroidManifest.xml:27:9-33:20
49            android:name="androidx.test.core.app.InstrumentationActivityInvoker$BootstrapActivity"
49-->[androidx.test:core:1.2.0] AndroidManifest.xml:28:13-99
50            android:theme="@android:style/Theme" >
50-->[androidx.test:core:1.2.0] AndroidManifest.xml:29:13-49
51            <intent-filter>
51-->[androidx.fragment:fragment-testing:1.2.3] AndroidManifest.xml:34:13-36:29
52                <action android:name="android.intent.action.MAIN" />
52-->src\main\AndroidManifest.xml:23:17-69
52-->src\main\AndroidManifest.xml:23:25-66
53            </intent-filter>
54        </activity>
55        <activity
55-->[androidx.test:core:1.2.0] AndroidManifest.xml:34:9-40:20
56            android:name="androidx.test.core.app.InstrumentationActivityInvoker$EmptyActivity"
56-->[androidx.test:core:1.2.0] AndroidManifest.xml:35:13-95
57            android:theme="@android:style/Theme" >
57-->[androidx.test:core:1.2.0] AndroidManifest.xml:36:13-49
58            <intent-filter>
58-->[androidx.fragment:fragment-testing:1.2.3] AndroidManifest.xml:34:13-36:29
59                <action android:name="android.intent.action.MAIN" />
59-->src\main\AndroidManifest.xml:23:17-69
59-->src\main\AndroidManifest.xml:23:25-66
60            </intent-filter>
61        </activity>
62        <activity
62-->[androidx.test:core:1.2.0] AndroidManifest.xml:41:9-47:20
63            android:name="androidx.test.core.app.InstrumentationActivityInvoker$EmptyFloatingActivity"
63-->[androidx.test:core:1.2.0] AndroidManifest.xml:42:13-103
64            android:theme="@android:style/Theme.Dialog" >
64-->[androidx.test:core:1.2.0] AndroidManifest.xml:43:13-56
65            <intent-filter>
65-->[androidx.fragment:fragment-testing:1.2.3] AndroidManifest.xml:34:13-36:29
66                <action android:name="android.intent.action.MAIN" />
66-->src\main\AndroidManifest.xml:23:17-69
66-->src\main\AndroidManifest.xml:23:25-66
67            </intent-filter>
68        </activity>
69
70        <provider
70-->[androidx.lifecycle:lifecycle-process:2.0.0] AndroidManifest.xml:23:9-27:43
71            android:name="androidx.lifecycle.ProcessLifecycleOwnerInitializer"
71-->[androidx.lifecycle:lifecycle-process:2.0.0] AndroidManifest.xml:24:13-79
72            android:authorities="kz.example.android.fasthub.lifecycle-process"
72-->[androidx.lifecycle:lifecycle-process:2.0.0] AndroidManifest.xml:25:13-69
73            android:exported="false"
73-->[androidx.lifecycle:lifecycle-process:2.0.0] AndroidManifest.xml:26:13-37
74            android:multiprocess="true" />
74-->[androidx.lifecycle:lifecycle-process:2.0.0] AndroidManifest.xml:27:13-40
75    </application>
76
77</manifest>